2023-05-25T16:36:16.652511Z	Cloning repository...
2023-05-25T16:36:17.492816Z	From https://github.com/msucil/msushil
2023-05-25T16:36:17.49353Z	 * branch            b3e09c25bfd2a5a157e2f64082a4aefef5ba201f -> FETCH_HEAD
2023-05-25T16:36:17.493731Z	
2023-05-25T16:36:17.537213Z	HEAD is now at b3e09c2 Add cloudflare/next-on-pages
2023-05-25T16:36:17.537815Z	
2023-05-25T16:36:17.647243Z	
2023-05-25T16:36:17.677315Z	Success: Finished cloning repository files
2023-05-25T16:36:18.290255Z	Installing dependencies
2023-05-25T16:36:18.298431Z	Python version set to 2.7
2023-05-25T16:36:21.664722Z	v16.20.0 is already installed.
2023-05-25T16:36:23.549641Z	Now using node v16.20.0 (npm v8.19.4)
2023-05-25T16:36:23.70994Z	Started restoring cached build plugins
2023-05-25T16:36:23.721257Z	Finished restoring cached build plugins
2023-05-25T16:36:24.101664Z	Attempting ruby version 2.7.1, read from environment
2023-05-25T16:36:25.553093Z	Using /opt/buildhome/.rvm/gems/ruby-2.7.1
2023-05-25T16:36:26.599573Z	Using PHP version 5.6
2023-05-25T16:36:26.691249Z	5.2.5 is already installed.
2023-05-25T16:36:26.708245Z	Using Swift version 5.2.5
2023-05-25T16:36:26.708954Z	Started restoring cached node modules
2023-05-25T16:36:26.720131Z	Finished restoring cached node modules
2023-05-25T16:36:27.376752Z	Installing NPM modules using NPM version 8.19.4
2023-05-25T16:36:28.514345Z	npm WARN config tmp This setting is no longer used.  npm stores temporary files in a special
2023-05-25T16:36:28.514768Z	npm WARN config location in the cache, and they are managed by
2023-05-25T16:36:28.515033Z	npm WARN config     [`cacache`](http://npm.im/cacache).
2023-05-25T16:36:28.920289Z	npm WARN config tmp This setting is no longer used.  npm stores temporary files in a special
2023-05-25T16:36:28.920768Z	npm WARN config location in the cache, and they are managed by
2023-05-25T16:36:28.920989Z	npm WARN config     [`cacache`](http://npm.im/cacache).
2023-05-25T16:36:43.65061Z	npm WARN deprecated rollup-plugin-inject@3.0.2: This package has been deprecated and is no longer maintained. Please use @rollup/plugin-inject.
2023-05-25T16:36:43.71837Z	npm WARN deprecated sourcemap-codec@1.4.8: Please use @jridgewell/sourcemap-codec instead
2023-05-25T16:36:45.205346Z	npm WARN deprecated @npmcli/move-file@1.1.2: This functionality has been moved to @npmcli/fs
2023-05-25T16:36:58.966316Z	
2023-05-25T16:36:58.966904Z	added 1065 packages, and audited 1066 packages in 30s
2023-05-25T16:36:58.967084Z	
2023-05-25T16:36:58.967239Z	255 packages are looking for funding
2023-05-25T16:36:58.967374Z	  run `npm fund` for details
2023-05-25T16:36:58.968959Z	
2023-05-25T16:36:58.969251Z	found 0 vulnerabilities
2023-05-25T16:36:58.994628Z	NPM modules installed
2023-05-25T16:36:59.065401Z	Installing Hugo 0.54.0
2023-05-25T16:36:59.738604Z	Hugo Static Site Generator v0.54.0-B1A82C61A/extended linux/amd64 BuildDate: 2019-02-01T10:04:38Z
2023-05-25T16:36:59.742383Z	Started restoring cached go cache
2023-05-25T16:36:59.756185Z	Finished restoring cached go cache
2023-05-25T16:36:59.842131Z	go version go1.14.4 linux/amd64
2023-05-25T16:36:59.855839Z	go version go1.14.4 linux/amd64
2023-05-25T16:36:59.860782Z	Installing missing commands
2023-05-25T16:36:59.861041Z	Verify run directory
2023-05-25T16:36:59.861251Z	Executing user command: npx @cloudflare/next-on-pages@1
2023-05-25T16:37:00.501007Z	npm WARN config tmp This setting is no longer used.  npm stores temporary files in a special
2023-05-25T16:37:00.501366Z	npm WARN config location in the cache, and they are managed by
2023-05-25T16:37:00.501629Z	npm WARN config     [`cacache`](http://npm.im/cacache).
2023-05-25T16:37:01.677802Z	⚡️ @cloudflare/next-on-pages CLI v.1.0.0
2023-05-25T16:37:01.680731Z	⚡️ Detected Package Manager: pnpm
2023-05-25T16:37:01.681088Z	⚡️ Preparing project...
2023-05-25T16:37:01.683142Z	⚡️ Project is ready
2023-05-25T16:37:01.68342Z	⚡️ Building project...
2023-05-25T16:37:01.701819Z	node:events:491
2023-05-25T16:37:01.702356Z	      throw er; // Unhandled 'error' event
2023-05-25T16:37:01.702554Z	      ^
2023-05-25T16:37:01.702689Z	
2023-05-25T16:37:01.702802Z	Error: spawn pnpx ENOENT
2023-05-25T16:37:01.702909Z	    at Process.ChildProcess._handle.onexit (node:internal/child_process:285:19)
2023-05-25T16:37:01.703027Z	    at onErrorNT (node:internal/child_process:485:16)
2023-05-25T16:37:01.703131Z	    at processTicksAndRejections (node:internal/process/task_queues:83:21)
2023-05-25T16:37:01.703254Z	Emitted 'error' event on ChildProcess instance at:
2023-05-25T16:37:01.70337Z	    at Process.ChildProcess._handle.onexit (node:internal/child_process:291:12)
2023-05-25T16:37:01.703476Z	    at onErrorNT (node:internal/child_process:485:16)
2023-05-25T16:37:01.703581Z	    at processTicksAndRejections (node:internal/process/task_queues:83:21) {
2023-05-25T16:37:01.703685Z	  errno: -2,
2023-05-25T16:37:01.703794Z	  code: 'ENOENT',
2023-05-25T16:37:01.703906Z	  syscall: 'spawn pnpx',
2023-05-25T16:37:01.704008Z	  path: 'pnpx',
2023-05-25T16:37:01.704109Z	  spawnargs: [ 'next-on-pages-vercel-cli', 'build' ]
2023-05-25T16:37:01.704229Z	}
2023-05-25T16:37:01.72643Z	Failed: build command exited with code: 1
2023-05-25T16:37:02.546292Z	Failed: error occurred while running build command